iMPACT Version: 14.7

iMPACT log file Started on Sun May 20 16:01:08 2018

Welcome to iMPACT
iMPACT Version: 14.7
Project: 'C:\Data\LAB VHDL\Lab04_DigitalClock\\auto_project.ipf' already exists.
Original project has been renamed to 'C:\Data\LABVHDL\Lab04_DigitalClock\\auto_project_1.ipf'.
Project: C:\Data\LAB VHDL\Lab04_DigitalClock\\auto_project.ipf created.
// *** BATCH CMD : setMode -bs
// *** BATCH CMD : setCable -port svf -file"C:/Users/Phijak/Desktop/OutputSVF/XoTest6.svf"
// *** BATCH CMD : addDevice -p 1 -file"C:/Data/TIC_TAC_TOE_XO_ASSIGNMENT/tic_tac_toe_xo_main.bit"
'1': Loading file 'C:/Data/TIC_TAC_TOE_XO_ASSIGNMENT/tic_tac_toe_xo_main.bit'...
done.
INFO:iMPACT:1777 - 
   Reading C:/Xilinx/14.7/ISE_DS/ISE/spartan6/data/xc6slx9.bsd...
INFO:iMPACT:2257 - Startup Clock has been changed to 'JtagClk' in the bitstream   stored in memory,
   but the original bitstream file remains unchanged.
UserID read from the bitstream file = 0xFFFFFFFF.
Data width read from the bitstream file = 1.
INFO:iMPACT:501 - '1': Added Device xc6slx9 successfully.
----------------------------------------------------------------------
Setting Target Device to Mode:BS, Device position 0.
INFO:iMPACT - Current time: 20-May-18 16:01:38
// *** BATCH CMD : Program -p 1 

'1': Programming device...
PROGRESS_START - Starting Operation.
 LCK_cycle = NoWait.
LCK cycle: NoWait
done.
INFO:iMPACT:579 - '1': Completed downloading bit file to device.
INFO:iMPACT:188 - '1': Programming completed successfully.
 LCK_cycle = NoWait.
LCK cycle: NoWait
INFO:iMPACT - '1': Checking done pin....done.
'1': Programmed successfully.
PROGRESS_END - End Operation.
Elapsed time =      0 sec.
Project: 'C:\Data\LAB VHDL\Lab04_DigitalClock\\auto_project.ipf' created.
// *** BATCH CMD : setMode -bs
// *** BATCH CMD : setMode -ss
// *** BATCH CMD : setMode -sm
// *** BATCH CMD : setMode -hw140
// *** BATCH CMD : setMode -spi
// *** BATCH CMD : setMode -acecf
// *** BATCH CMD : setMode -acempm
// *** BATCH CMD : setMode -pff
// *** BATCH CMD : setMode -bs
// *** BATCH CMD : saveProjectFile -file "C:\Data\LABVHDL\Lab04_DigitalClock\\auto_project.ipf"
// *** BATCH CMD : setMode -bs
// *** BATCH CMD : deleteDevice -position 1
// *** BATCH CMD : setMode -bs
// *** BATCH CMD : setMode -ss
// *** BATCH CMD : setMode -sm
// *** BATCH CMD : setMode -hw140
// *** BATCH CMD : setMode -spi
// *** BATCH CMD : setMode -acecf
// *** BATCH CMD : setMode -acempm
// *** BATCH CMD : setMode -pff
Welcome to iMPACT
iMPACT Version: 14.7
Project: 'C:\Data\LAB VHDL\Lab04_DigitalClock\\auto_project.ipf' already exists.
Original project has been renamed to 'C:\Data\LABVHDL\Lab04_DigitalClock\\auto_project_1.ipf'.
Project: C:\Data\LAB VHDL\Lab04_DigitalClock\\auto_project.ipf created.
// *** BATCH CMD : setMode -bs
// *** BATCH CMD : setCable -port svf -file"C:/Users/Phijak/Desktop/OutputSVF/XoTest67.svf"
// *** BATCH CMD : addDevice -p 1 -file"C:/Data/TIC_TAC_TOE_XO_ASSIGNMENT/tic_tac_toe_xo_main.bit"
'1': Loading file 'C:/Data/TIC_TAC_TOE_XO_ASSIGNMENT/tic_tac_toe_xo_main.bit'...
done.
INFO:iMPACT:1777 - 
   Reading C:/Xilinx/14.7/ISE_DS/ISE/spartan6/data/xc6slx9.bsd...
INFO:iMPACT:2257 - Startup Clock has been changed to 'JtagClk' in the bitstream   stored in memory,
   but the original bitstream file remains unchanged.
UserID read from the bitstream file = 0xFFFFFFFF.
Data width read from the bitstream file = 1.
INFO:iMPACT:501 - '1': Added Device xc6slx9 successfully.
----------------------------------------------------------------------
Project: 'C:\Data\LAB VHDL\Lab04_DigitalClock\\auto_project.ipf' created.
// *** BATCH CMD : setMode -bs
// *** BATCH CMD : setMode -ss
// *** BATCH CMD : setMode -sm
// *** BATCH CMD : setMode -hw140
// *** BATCH CMD : setMode -spi
// *** BATCH CMD : setMode -acecf
// *** BATCH CMD : setMode -acempm
// *** BATCH CMD : setMode -pff
// *** BATCH CMD : setMode -bs
// *** BATCH CMD : saveProjectFile -file "C:\Data\LABVHDL\Lab04_DigitalClock\\auto_project.ipf"
// *** BATCH CMD : setMode -bs
// *** BATCH CMD : deleteDevice -position 1
// *** BATCH CMD : setMode -bs
// *** BATCH CMD : setMode -ss
// *** BATCH CMD : setMode -sm
// *** BATCH CMD : setMode -hw140
// *** BATCH CMD : setMode -spi
// *** BATCH CMD : setMode -acecf
// *** BATCH CMD : setMode -acempm
// *** BATCH CMD : setMode -pff
Welcome to iMPACT
iMPACT Version: 14.7
Project: 'C:\Data\LAB VHDL\Lab04_DigitalClock\\auto_project.ipf' already exists.
Original project has been renamed to 'C:\Data\LABVHDL\Lab04_DigitalClock\\auto_project_1.ipf'.
Project: C:\Data\LAB VHDL\Lab04_DigitalClock\\auto_project.ipf created.
// *** BATCH CMD : setMode -bs
// *** BATCH CMD : setCable -port svf -file"C:/Users/Phijak/Desktop/OutputSVF/XoTest7.svf"
// *** BATCH CMD : addDevice -p 1 -file"C:/Data/TIC_TAC_TOE_XO_ASSIGNMENT/tic_tac_toe_xo_main.bit"
'1': Loading file 'C:/Data/TIC_TAC_TOE_XO_ASSIGNMENT/tic_tac_toe_xo_main.bit'...
done.
INFO:iMPACT:1777 - 
   Reading C:/Xilinx/14.7/ISE_DS/ISE/spartan6/data/xc6slx9.bsd...
INFO:iMPACT:2257 - Startup Clock has been changed to 'JtagClk' in the bitstream   stored in memory,
   but the original bitstream file remains unchanged.
UserID read from the bitstream file = 0xFFFFFFFF.
Data width read from the bitstream file = 1.
INFO:iMPACT:501 - '1': Added Device xc6slx9 successfully.
----------------------------------------------------------------------
Setting Target Device to Mode:BS, Device position 0.
INFO:iMPACT - Current time: 20-May-18 16:04:58
// *** BATCH CMD : Program -p 1 

'1': Programming device...
PROGRESS_START - Starting Operation.
 LCK_cycle = NoWait.
LCK cycle: NoWait
done.
INFO:iMPACT:579 - '1': Completed downloading bit file to device.
INFO:iMPACT:188 - '1': Programming completed successfully.
 LCK_cycle = NoWait.
LCK cycle: NoWait
INFO:iMPACT - '1': Checking done pin....done.
'1': Programmed successfully.
PROGRESS_END - End Operation.
Elapsed time =      0 sec.
Project: 'C:\Data\LAB VHDL\Lab04_DigitalClock\\auto_project.ipf' created.
// *** BATCH CMD : setMode -bs
// *** BATCH CMD : setMode -ss
// *** BATCH CMD : setMode -sm
// *** BATCH CMD : setMode -hw140
// *** BATCH CMD : setMode -spi
// *** BATCH CMD : setMode -acecf
// *** BATCH CMD : setMode -acempm
// *** BATCH CMD : setMode -pff
// *** BATCH CMD : setMode -bs
// *** BATCH CMD : saveProjectFile -file "C:\Data\LABVHDL\Lab04_DigitalClock\\auto_project.ipf"
// *** BATCH CMD : setMode -bs
// *** BATCH CMD : deleteDevice -position 1
// *** BATCH CMD : setMode -bs
// *** BATCH CMD : setMode -ss
// *** BATCH CMD : setMode -sm
// *** BATCH CMD : setMode -hw140
// *** BATCH CMD : setMode -spi
// *** BATCH CMD : setMode -acecf
// *** BATCH CMD : setMode -acempm
// *** BATCH CMD : setMode -pff
Welcome to iMPACT
iMPACT Version: 14.7
Project: 'C:\Data\LAB VHDL\Lab04_DigitalClock\\auto_project.ipf' already exists.
Original project has been renamed to 'C:\Data\LABVHDL\Lab04_DigitalClock\\auto_project_1.ipf'.
Project: C:\Data\LAB VHDL\Lab04_DigitalClock\\auto_project.ipf created.
// *** BATCH CMD : setMode -bs
// *** BATCH CMD : setCable -port svf -file"C:/Users/Phijak/Desktop/OutputSVF/XoTest8.svf"
// *** BATCH CMD : addDevice -p 1 -file"C:/Data/TIC_TAC_TOE_XO_ASSIGNMENT/tic_tac_toe_xo_main.bit"
'1': Loading file 'C:/Data/TIC_TAC_TOE_XO_ASSIGNMENT/tic_tac_toe_xo_main.bit'...
done.
INFO:iMPACT:1777 - 
   Reading C:/Xilinx/14.7/ISE_DS/ISE/spartan6/data/xc6slx9.bsd...
INFO:iMPACT:2257 - Startup Clock has been changed to 'JtagClk' in the bitstream   stored in memory,
   but the original bitstream file remains unchanged.
UserID read from the bitstream file = 0xFFFFFFFF.
Data width read from the bitstream file = 1.
INFO:iMPACT:501 - '1': Added Device xc6slx9 successfully.
----------------------------------------------------------------------
Setting Target Device to Mode:BS, Device position 0.
INFO:iMPACT - Current time: 20-May-18 16:09:34
// *** BATCH CMD : Program -p 1 

'1': Programming device...
PROGRESS_START - Starting Operation.
 LCK_cycle = NoWait.
LCK cycle: NoWait
done.
INFO:iMPACT:579 - '1': Completed downloading bit file to device.
INFO:iMPACT:188 - '1': Programming completed successfully.
 LCK_cycle = NoWait.
LCK cycle: NoWait
INFO:iMPACT - '1': Checking done pin....done.
'1': Programmed successfully.
PROGRESS_END - End Operation.
Elapsed time =      0 sec.
Project: 'C:\Data\LAB VHDL\Lab04_DigitalClock\\auto_project.ipf' created.
// *** BATCH CMD : setMode -bs
// *** BATCH CMD : setMode -ss
// *** BATCH CMD : setMode -sm
// *** BATCH CMD : setMode -hw140
// *** BATCH CMD : setMode -spi
// *** BATCH CMD : setMode -acecf
// *** BATCH CMD : setMode -acempm
// *** BATCH CMD : setMode -pff
// *** BATCH CMD : setMode -bs
// *** BATCH CMD : saveProjectFile -file "C:\Data\LABVHDL\Lab04_DigitalClock\\auto_project.ipf"
// *** BATCH CMD : setMode -bs
// *** BATCH CMD : deleteDevice -position 1
// *** BATCH CMD : setMode -bs
// *** BATCH CMD : setMode -ss
// *** BATCH CMD : setMode -sm
// *** BATCH CMD : setMode -hw140
// *** BATCH CMD : setMode -spi
// *** BATCH CMD : setMode -acecf
// *** BATCH CMD : setMode -acempm
// *** BATCH CMD : setMode -pff
Welcome to iMPACT
iMPACT Version: 14.7
Project: 'C:\Data\LAB VHDL\Lab04_DigitalClock\\auto_project.ipf' already exists.
Original project has been renamed to 'C:\Data\LABVHDL\Lab04_DigitalClock\\auto_project_1.ipf'.
Project: C:\Data\LAB VHDL\Lab04_DigitalClock\\auto_project.ipf created.
// *** BATCH CMD : setMode -bs
// *** BATCH CMD : setCable -port svf -file"C:/Users/Phijak/Desktop/OutputSVF/XoTest9.svf"
// *** BATCH CMD : addDevice -p 1 -file"C:/Data/TIC_TAC_TOE_XO_ASSIGNMENT/tic_tac_toe_xo_main.bit"
'1': Loading file 'C:/Data/TIC_TAC_TOE_XO_ASSIGNMENT/tic_tac_toe_xo_main.bit'...
done.
INFO:iMPACT:1777 - 
   Reading C:/Xilinx/14.7/ISE_DS/ISE/spartan6/data/xc6slx9.bsd...
INFO:iMPACT:2257 - Startup Clock has been changed to 'JtagClk' in the bitstream   stored in memory,
   but the original bitstream file remains unchanged.
UserID read from the bitstream file = 0xFFFFFFFF.
Data width read from the bitstream file = 1.
INFO:iMPACT:501 - '1': Added Device xc6slx9 successfully.
----------------------------------------------------------------------
Setting Target Device to Mode:BS, Device position 0.
INFO:iMPACT - Current time: 20-May-18 16:19:05
// *** BATCH CMD : Program -p 1 

'1': Programming device...
PROGRESS_START - Starting Operation.
 LCK_cycle = NoWait.
LCK cycle: NoWait
done.
INFO:iMPACT:579 - '1': Completed downloading bit file to device.
INFO:iMPACT:188 - '1': Programming completed successfully.
 LCK_cycle = NoWait.
LCK cycle: NoWait
INFO:iMPACT - '1': Checking done pin....done.
'1': Programmed successfully.
PROGRESS_END - End Operation.
Elapsed time =      1 sec.
Project: 'C:\Data\LAB VHDL\Lab04_DigitalClock\\auto_project.ipf' created.
// *** BATCH CMD : setMode -bs
// *** BATCH CMD : setMode -ss
// *** BATCH CMD : setMode -sm
// *** BATCH CMD : setMode -hw140
// *** BATCH CMD : setMode -spi
// *** BATCH CMD : setMode -acecf
// *** BATCH CMD : setMode -acempm
// *** BATCH CMD : setMode -pff
// *** BATCH CMD : setMode -bs
// *** BATCH CMD : saveProjectFile -file "C:\Data\LABVHDL\Lab04_DigitalClock\\auto_project.ipf"
// *** BATCH CMD : setMode -bs
// *** BATCH CMD : deleteDevice -position 1
// *** BATCH CMD : setMode -bs
// *** BATCH CMD : setMode -ss
// *** BATCH CMD : setMode -sm
// *** BATCH CMD : setMode -hw140
// *** BATCH CMD : setMode -spi
// *** BATCH CMD : setMode -acecf
// *** BATCH CMD : setMode -acempm
// *** BATCH CMD : setMode -pff
Welcome to iMPACT
iMPACT Version: 14.7
Project: 'C:\Data\LAB VHDL\Lab04_DigitalClock\\auto_project.ipf' already exists.
Original project has been renamed to 'C:\Data\LABVHDL\Lab04_DigitalClock\\auto_project_1.ipf'.
Project: C:\Data\LAB VHDL\Lab04_DigitalClock\\auto_project.ipf created.
// *** BATCH CMD : setMode -bs
// *** BATCH CMD : setCable -port svf -file"C:/Users/Phijak/Desktop/OutputSVF/XoTest9.svf"
// *** BATCH CMD : addDevice -p 1 -file"C:/Data/TIC_TAC_TOE_XO_ASSIGNMENT/tic_tac_toe_xo_main.bit"
'1': Loading file 'C:/Data/TIC_TAC_TOE_XO_ASSIGNMENT/tic_tac_toe_xo_main.bit'...
done.
INFO:iMPACT:1777 - 
   Reading C:/Xilinx/14.7/ISE_DS/ISE/spartan6/data/xc6slx9.bsd...
INFO:iMPACT:2257 - Startup Clock has been changed to 'JtagClk' in the bitstream   stored in memory,
   but the original bitstream file remains unchanged.
UserID read from the bitstream file = 0xFFFFFFFF.
Data width read from the bitstream file = 1.
INFO:iMPACT:501 - '1': Added Device xc6slx9 successfully.
----------------------------------------------------------------------
Setting Target Device to Mode:BS, Device position 0.
INFO:iMPACT - Current time: 20-May-18 16:19:42
// *** BATCH CMD : Program -p 1 

'1': Programming device...
PROGRESS_START - Starting Operation.
 LCK_cycle = NoWait.
LCK cycle: NoWait
done.
INFO:iMPACT:579 - '1': Completed downloading bit file to device.
INFO:iMPACT:188 - '1': Programming completed successfully.
 LCK_cycle = NoWait.
LCK cycle: NoWait
INFO:iMPACT - '1': Checking done pin....done.
'1': Programmed successfully.
PROGRESS_END - End Operation.
Elapsed time =      0 sec.
Project: 'C:\Data\LAB VHDL\Lab04_DigitalClock\\auto_project.ipf' created.
// *** BATCH CMD : setMode -bs
// *** BATCH CMD : setMode -ss
// *** BATCH CMD : setMode -sm
// *** BATCH CMD : setMode -hw140
// *** BATCH CMD : setMode -spi
// *** BATCH CMD : setMode -acecf
// *** BATCH CMD : setMode -acempm
// *** BATCH CMD : setMode -pff
// *** BATCH CMD : setMode -bs
// *** BATCH CMD : saveProjectFile -file "C:\Data\LABVHDL\Lab04_DigitalClock\\auto_project.ipf"
// *** BATCH CMD : setMode -bs
// *** BATCH CMD : deleteDevice -position 1
// *** BATCH CMD : setMode -bs
// *** BATCH CMD : setMode -ss
// *** BATCH CMD : setMode -sm
// *** BATCH CMD : setMode -hw140
// *** BATCH CMD : setMode -spi
// *** BATCH CMD : setMode -acecf
// *** BATCH CMD : setMode -acempm
// *** BATCH CMD : setMode -pff
Welcome to iMPACT
iMPACT Version: 14.7
Project: 'C:\Data\LAB VHDL\Lab04_DigitalClock\\auto_project.ipf' already exists.
Original project has been renamed to 'C:\Data\LABVHDL\Lab04_DigitalClock\\auto_project_1.ipf'.
Project: C:\Data\LAB VHDL\Lab04_DigitalClock\\auto_project.ipf created.
// *** BATCH CMD : setMode -bs
// *** BATCH CMD : setMode -ss
// *** BATCH CMD : setMode -sm
// *** BATCH CMD : setMode -hw140
// *** BATCH CMD : setMode -spi
// *** BATCH CMD : setMode -acecf
// *** BATCH CMD : setMode -acempm
// *** BATCH CMD : setMode -pff
Welcome to iMPACT
iMPACT Version: 14.7
Project: 'C:\Data\LAB VHDL\Lab04_DigitalClock\\auto_project.ipf' already exists.
Original project has been renamed to 'C:\Data\LABVHDL\Lab04_DigitalClock\\auto_project_1.ipf'.
Project: C:\Data\LAB VHDL\Lab04_DigitalClock\\auto_project.ipf created.
// *** BATCH CMD : setMode -bs
// *** BATCH CMD : setCable -port svf -file"C:/Users/Phijak/Desktop/OutputSVF/XOTest10.svf"
// *** BATCH CMD : addDevice -p 1 -file"C:/Data/TIC_TAC_TOE_XO_ASSIGNMENT/tic_tac_toe_xo_main.bit"
'1': Loading file 'C:/Data/TIC_TAC_TOE_XO_ASSIGNMENT/tic_tac_toe_xo_main.bit'...
done.
INFO:iMPACT:1777 - 
   Reading C:/Xilinx/14.7/ISE_DS/ISE/spartan6/data/xc6slx9.bsd...
INFO:iMPACT:2257 - Startup Clock has been changed to 'JtagClk' in the bitstream   stored in memory,
   but the original bitstream file remains unchanged.
UserID read from the bitstream file = 0xFFFFFFFF.
Data width read from the bitstream file = 1.
INFO:iMPACT:501 - '1': Added Device xc6slx9 successfully.
----------------------------------------------------------------------
Setting Target Device to Mode:BS, Device position 0.
INFO:iMPACT - Current time: 20-May-18 16:26:29
// *** BATCH CMD : Program -p 1 

'1': Programming device...
PROGRESS_START - Starting Operation.
 LCK_cycle = NoWait.
LCK cycle: NoWait
done.
INFO:iMPACT:579 - '1': Completed downloading bit file to device.
INFO:iMPACT:188 - '1': Programming completed successfully.
 LCK_cycle = NoWait.
LCK cycle: NoWait
INFO:iMPACT - '1': Checking done pin....done.
'1': Programmed successfully.
PROGRESS_END - End Operation.
Elapsed time =      0 sec.
Project: 'C:\Data\LAB VHDL\Lab04_DigitalClock\\auto_project.ipf' created.
// *** BATCH CMD : setMode -bs
// *** BATCH CMD : setMode -ss
// *** BATCH CMD : setMode -sm
// *** BATCH CMD : setMode -hw140
// *** BATCH CMD : setMode -spi
// *** BATCH CMD : setMode -acecf
// *** BATCH CMD : setMode -acempm
// *** BATCH CMD : setMode -pff
// *** BATCH CMD : setMode -bs
// *** BATCH CMD : saveProjectFile -file "C:\Data\LABVHDL\Lab04_DigitalClock\\auto_project.ipf"
// *** BATCH CMD : setMode -bs
// *** BATCH CMD : deleteDevice -position 1
// *** BATCH CMD : setMode -bs
// *** BATCH CMD : setMode -ss
// *** BATCH CMD : setMode -sm
// *** BATCH CMD : setMode -hw140
// *** BATCH CMD : setMode -spi
// *** BATCH CMD : setMode -acecf
// *** BATCH CMD : setMode -acempm
// *** BATCH CMD : setMode -pff
Welcome to iMPACT
iMPACT Version: 14.7
Project: 'C:\Data\LAB VHDL\Lab04_DigitalClock\\auto_project.ipf' already exists.
Original project has been renamed to 'C:\Data\LABVHDL\Lab04_DigitalClock\\auto_project_1.ipf'.
Project: C:\Data\LAB VHDL\Lab04_DigitalClock\\auto_project.ipf created.
// *** BATCH CMD : setMode -bs
// *** BATCH CMD : setCable -port svf -file"C:/Users/Phijak/Desktop/OutputSVF/XOTest11.svf"
// *** BATCH CMD : addDevice -p 1 -file"C:/Data/TIC_TAC_TOE_XO_ASSIGNMENT/tic_tac_toe_xo_main.bit"
'1': Loading file 'C:/Data/TIC_TAC_TOE_XO_ASSIGNMENT/tic_tac_toe_xo_main.bit'...
done.
INFO:iMPACT:1777 - 
   Reading C:/Xilinx/14.7/ISE_DS/ISE/spartan6/data/xc6slx9.bsd...
INFO:iMPACT:2257 - Startup Clock has been changed to 'JtagClk' in the bitstream   stored in memory,
   but the original bitstream file remains unchanged.
UserID read from the bitstream file = 0xFFFFFFFF.
Data width read from the bitstream file = 1.
INFO:iMPACT:501 - '1': Added Device xc6slx9 successfully.
----------------------------------------------------------------------
Setting Target Device to Mode:BS, Device position 0.
INFO:iMPACT - Current time: 20-May-18 18:01:29
// *** BATCH CMD : Program -p 1 

'1': Programming device...
PROGRESS_START - Starting Operation.
 LCK_cycle = NoWait.
LCK cycle: NoWait
done.
INFO:iMPACT:579 - '1': Completed downloading bit file to device.
INFO:iMPACT:188 - '1': Programming completed successfully.
 LCK_cycle = NoWait.
LCK cycle: NoWait
INFO:iMPACT - '1': Checking done pin....done.
'1': Programmed successfully.
PROGRESS_END - End Operation.
Elapsed time =      1 sec.
Project: 'C:\Data\LAB VHDL\Lab04_DigitalClock\\auto_project.ipf' created.
// *** BATCH CMD : setMode -bs
// *** BATCH CMD : setMode -ss
// *** BATCH CMD : setMode -sm
// *** BATCH CMD : setMode -hw140
// *** BATCH CMD : setMode -spi
// *** BATCH CMD : setMode -acecf
// *** BATCH CMD : setMode -acempm
// *** BATCH CMD : setMode -pff
// *** BATCH CMD : setMode -bs
// *** BATCH CMD : saveProjectFile -file "C:\Data\LABVHDL\Lab04_DigitalClock\\auto_project.ipf"
// *** BATCH CMD : setMode -bs
// *** BATCH CMD : deleteDevice -position 1
// *** BATCH CMD : setMode -bs
// *** BATCH CMD : setMode -ss
// *** BATCH CMD : setMode -sm
// *** BATCH CMD : setMode -hw140
// *** BATCH CMD : setMode -spi
// *** BATCH CMD : setMode -acecf
// *** BATCH CMD : setMode -acempm
// *** BATCH CMD : setMode -pff
Welcome to iMPACT
iMPACT Version: 14.7
Project: 'C:\Data\LAB VHDL\Lab04_DigitalClock\\auto_project.ipf' already exists.
Original project has been renamed to 'C:\Data\LABVHDL\Lab04_DigitalClock\\auto_project_1.ipf'.
Project: C:\Data\LAB VHDL\Lab04_DigitalClock\\auto_project.ipf created.
// *** BATCH CMD : setMode -bs
// *** BATCH CMD : setCable -port svf -file"C:/Users/Phijak/Desktop/OutputSVF/XOTest11.svf"
// *** BATCH CMD : addDevice -p 1 -file"C:/Data/TIC_TAC_TOE_XO_ASSIGNMENT/tic_tac_toe_xo_main.bit"
'1': Loading file 'C:/Data/TIC_TAC_TOE_XO_ASSIGNMENT/tic_tac_toe_xo_main.bit'...
done.
INFO:iMPACT:1777 - 
   Reading C:/Xilinx/14.7/ISE_DS/ISE/spartan6/data/xc6slx9.bsd...
INFO:iMPACT:2257 - Startup Clock has been changed to 'JtagClk' in the bitstream   stored in memory,
   but the original bitstream file remains unchanged.
UserID read from the bitstream file = 0xFFFFFFFF.
Data width read from the bitstream file = 1.
INFO:iMPACT:501 - '1': Added Device xc6slx9 successfully.
----------------------------------------------------------------------
Setting Target Device to Mode:BS, Device position 0.
INFO:iMPACT - Current time: 20-May-18 18:08:39
// *** BATCH CMD : Program -p 1 

'1': Programming device...
PROGRESS_START - Starting Operation.
 LCK_cycle = NoWait.
LCK cycle: NoWait
done.
INFO:iMPACT:579 - '1': Completed downloading bit file to device.
INFO:iMPACT:188 - '1': Programming completed successfully.
 LCK_cycle = NoWait.
LCK cycle: NoWait
INFO:iMPACT - '1': Checking done pin....done.
'1': Programmed successfully.
PROGRESS_END - End Operation.
Elapsed time =      0 sec.
Project: 'C:\Data\LAB VHDL\Lab04_DigitalClock\\auto_project.ipf' created.
// *** BATCH CMD : setMode -bs
// *** BATCH CMD : setMode -ss
// *** BATCH CMD : setMode -sm
// *** BATCH CMD : setMode -hw140
// *** BATCH CMD : setMode -spi
// *** BATCH CMD : setMode -acecf
// *** BATCH CMD : setMode -acempm
// *** BATCH CMD : setMode -pff
// *** BATCH CMD : setMode -bs
// *** BATCH CMD : saveProjectFile -file "C:\Data\LABVHDL\Lab04_DigitalClock\\auto_project.ipf"
// *** BATCH CMD : setMode -bs
INFO:iMPACT - Launching WebTalk, please refer to the webtalk log at C:\Data\LAB   VHDL\Lab04_DigitalClock\webtalk.log for details.
INFO:iMPACT - Running wbtc successfully.
// *** BATCH CMD : setMode -bs
// *** BATCH CMD : deleteDevice -position 1
// *** BATCH CMD : setMode -bs
// *** BATCH CMD : setMode -ss
// *** BATCH CMD : setMode -sm
// *** BATCH CMD : setMode -hw140
// *** BATCH CMD : setMode -spi
// *** BATCH CMD : setMode -acecf
// *** BATCH CMD : setMode -acempm
// *** BATCH CMD : setMode -pff
