Release 14.7 - xst P.20131013 (nt)
Copyright (c) 1995-2013 Xilinx, Inc.  All rights reserved.
--> Parameter TMPDIR set to xst/projnav.tmp


Total REAL time to Xst completion: 0.00 secs
Total CPU time to Xst completion: 0.13 secs
 
--> Parameter xsthdpdir set to xst


Total REAL time to Xst completion: 0.00 secs
Total CPU time to Xst completion: 0.13 secs
 
--> Reading design: SwitchDebounce.prj

TABLE OF CONTENTS
  1) Synthesis Options Summary
  2) HDL Parsing
  3) HDL Elaboration
  4) HDL Synthesis
       4.1) HDL Synthesis Report
  5) Advanced HDL Synthesis
       5.1) Advanced HDL Synthesis Report
  6) Low Level Synthesis
  7) Partition Report
  8) Design Summary
       8.1) Primitive and Black Box Usage
       8.2) Device utilization summary
       8.3) Partition Resource Summary
       8.4) Timing Report
            8.4.1) Clock Information
            8.4.2) Asynchronous Control Signals Information
            8.4.3) Timing Summary
            8.4.4) Timing Details
            8.4.5) Cross Clock Domains Report


=========================================================================
*                      Synthesis Options Summary                        *
=========================================================================
---- Source Parameters
Input File Name                    : "SwitchDebounce.prj"
Ignore Synthesis Constraint File   : NO

---- Target Parameters
Output File Name                   : "SwitchDebounce"
Output Format                      : NGC
Target Device                      : xc6slx9-3-tqg144

---- Source Options
Top Module Name                    : SwitchDebounce
Automatic FSM Extraction           : YES
FSM Encoding Algorithm             : Auto
Safe Implementation                : No
FSM Style                          : LUT
RAM Extraction                     : Yes
RAM Style                          : Auto
ROM Extraction                     : Yes
Shift Register Extraction          : YES
ROM Style                          : Auto
Resource Sharing                   : YES
Asynchronous To Synchronous        : NO
Shift Register Minimum Size        : 2
Use DSP Block                      : Auto
Automatic Register Balancing       : No

---- Target Options
LUT Combining                      : Auto
Reduce Control Sets                : Auto
Add IO Buffers                     : YES
Global Maximum Fanout              : 100000
Add Generic Clock Buffer(BUFG)     : 16
Register Duplication               : YES
Optimize Instantiated Primitives   : NO
Use Clock Enable                   : Auto
Use Synchronous Set                : Auto
Use Synchronous Reset              : Auto
Pack IO Registers into IOBs        : Auto
Equivalent register Removal        : YES

---- General Options
Optimization Goal                  : Speed
Optimization Effort                : 1
Power Reduction                    : NO
Keep Hierarchy                     : No
Netlist Hierarchy                  : As_Optimized
RTL Output                         : Yes
Global Optimization                : AllClockNets
Read Cores                         : YES
Write Timing Constraints           : NO
Cross Clock Analysis               : NO
Hierarchy Separator                : /
Bus Delimiter                      : <>
Case Specifier                     : Maintain
Slice Utilization Ratio            : 100
BRAM Utilization Ratio             : 100
DSP48 Utilization Ratio            : 100
Auto BRAM Packing                  : NO
Slice Utilization Ratio Delta      : 5

=========================================================================


=========================================================================
*                          HDL Parsing                                  *
=========================================================================
Parsing VHDL file "C:\Data\TIC_TAC_TOE_XO_ASSIGNMENT\VHDL\SwitchDebounce.vhd" into library work
Parsing entity <SwitchDebounce>.
Parsing architecture <Behavioral> of entity <switchdebounce>.

=========================================================================
*                            HDL Elaboration                            *
=========================================================================

Elaborating entity <SwitchDebounce> (architecture <Behavioral>) from library <work>.

=========================================================================
*                           HDL Synthesis                               *
=========================================================================

Synthesizing Unit <SwitchDebounce>.
    Related source file is "C:\Data\TIC_TAC_TOE_XO_ASSIGNMENT\VHDL\SwitchDebounce.vhd".
    Found 8-bit register for signal <sCounter>.
    Found 8-bit adder for signal <sCounter[7]_GND_5_o_add_1_OUT> created at line 56.
    Summary:
	inferred   1 Adder/Subtractor(s).
	inferred   8 D-type flip-flop(s).
Unit <SwitchDebounce> synthesized.

=========================================================================
HDL Synthesis Report

Macro Statistics
# Adders/Subtractors                                   : 1
 8-bit adder                                           : 1
# Registers                                            : 1
 8-bit register                                        : 1

=========================================================================

=========================================================================
*                       Advanced HDL Synthesis                          *
=========================================================================


Synthesizing (advanced) Unit <SwitchDebounce>.
The following registers are absorbed into counter <sCounter>: 1 register on signal <sCounter>.
Unit <SwitchDebounce> synthesized (advanced).

=========================================================================
Advanced HDL Synthesis Report

Macro Statistics
# Counters                                             : 1
 8-bit up counter                                      : 1

=========================================================================

=========================================================================
*                         Low Level Synthesis                           *
=========================================================================

Optimizing unit <SwitchDebounce> ...

Mapping all equations...
Building and optimizing final netlist ...
Found area constraint ratio of 100 (+ 5) on block SwitchDebounce, actual ratio is 0.

Final Macro Processing ...

=========================================================================
Final Register Report

Macro Statistics
# Registers                                            : 8
 Flip-Flops                                            : 8

=========================================================================

=========================================================================
*                           Partition Report                            *
=========================================================================

Partition Implementation Status
-------------------------------

  No Partitions were found in this design.

-------------------------------

=========================================================================
*                            Design Summary                             *
=========================================================================

Top Level Output File Name         : SwitchDebounce.ngc

Primitive and Black Box Usage:
------------------------------
# BELS                             : 29
#      GND                         : 1
#      INV                         : 2
#      LUT1                        : 7
#      LUT3                        : 1
#      LUT6                        : 2
#      MUXCY                       : 7
#      VCC                         : 1
#      XORCY                       : 8
# FlipFlops/Latches                : 8
#      FDRE                        : 8
# Clock Buffers                    : 1
#      BUFGP                       : 1
# IO Buffers                       : 2
#      IBUF                        : 1
#      OBUF                        : 1

Device utilization summary:
---------------------------

Selected Device : 6slx9tqg144-3 


Slice Logic Utilization: 
 Number of Slice Registers:               8  out of  11440     0%  
 Number of Slice LUTs:                   12  out of   5720     0%  
    Number used as Logic:                12  out of   5720     0%  

Slice Logic Distribution: 
 Number of LUT Flip Flop pairs used:     12
   Number with an unused Flip Flop:       4  out of     12    33%  
   Number with an unused LUT:             0  out of     12     0%  
   Number of fully used LUT-FF pairs:     8  out of     12    66%  
   Number of unique control sets:         1

IO Utilization: 
 Number of IOs:                           3
 Number of bonded IOBs:                   3  out of    102     2%  

Specific Feature Utilization:
 Number of BUFG/BUFGCTRLs:                1  out of     16     6%  

---------------------------
Partition Resource Summary:
---------------------------

  No Partitions were found in this design.

---------------------------


=========================================================================
Timing Report

NOTE: THESE TIMING NUMBERS ARE ONLY A SYNTHESIS ESTIMATE.
      FOR ACCURATE TIMING INFORMATION PLEASE REFER TO THE TRACE REPORT
      GENERATED AFTER PLACE-and-ROUTE.

Clock Information:
------------------
-----------------------------------+------------------------+-------+
Clock Signal                       | Clock buffer(FF name)  | Load  |
-----------------------------------+------------------------+-------+
CLK20MHz                           | BUFGP                  | 8     |
-----------------------------------+------------------------+-------+

Asynchronous Control Signals Information:
----------------------------------------
No asynchronous control signals found in this design

Timing Summary:
---------------
Speed Grade: -3

   Minimum period: 3.443ns (Maximum Frequency: 290.440MHz)
   Minimum input arrival time before clock: 3.238ns
   Maximum output required time after clock: 5.469ns
   Maximum combinational path delay: No path found

Timing Details:
---------------
All values displayed in nanoseconds (ns)

=========================================================================
Timing constraint: Default period analysis for Clock 'CLK20MHz'
  Clock period: 3.443ns (frequency: 290.440MHz)
  Total number of paths / destination ports: 100 / 16
-------------------------------------------------------------------------
Delay:               3.443ns (Levels of Logic = 2)
  Source:            sCounter_2 (FF)
  Destination:       sCounter_0 (FF)
  Source Clock:      CLK20MHz rising
  Destination Clock: CLK20MHz rising

  Data Path: sCounter_2 to sCounter_0
                                Gate     Net
    Cell:in->out      fanout   Delay   Delay  Logical Name (Net Name)
    ----------------------------------------  ------------
     FDRE:C->Q             2   0.447   0.845  sCounter_2 (sCounter_2)
     LUT3:I0->O            2   0.205   0.617  Output<7>_SW0 (N3)
     LUT6:I5->O            8   0.205   0.802  Output_inv1 (Output_inv)
     FDRE:CE                   0.322          sCounter_0
    ----------------------------------------
    Total                      3.443ns (1.179ns logic, 2.264ns route)
                                       (34.2% logic, 65.8% route)

=========================================================================
Timing constraint: Default OFFSET IN BEFORE for Clock 'CLK20MHz'
  Total number of paths / destination ports: 8 / 8
-------------------------------------------------------------------------
Offset:              3.238ns (Levels of Logic = 2)
  Source:            Input (PAD)
  Destination:       sCounter_0 (FF)
  Destination Clock: CLK20MHz rising

  Data Path: Input to sCounter_0
                                Gate     Net
    Cell:in->out      fanout   Delay   Delay  Logical Name (Net Name)
    ----------------------------------------  ------------
     IBUF:I->O             1   1.222   0.579  Input_IBUF (Input_IBUF)
     INV:I->O              8   0.206   0.802  Input_inv1_INV_0 (Input_inv)
     FDRE:R                    0.430          sCounter_0
    ----------------------------------------
    Total                      3.238ns (1.858ns logic, 1.380ns route)
                                       (57.4% logic, 42.6% route)

=========================================================================
Timing constraint: Default OFFSET OUT AFTER for Clock 'CLK20MHz'
  Total number of paths / destination ports: 8 / 1
-------------------------------------------------------------------------
Offset:              5.469ns (Levels of Logic = 3)
  Source:            sCounter_2 (FF)
  Destination:       Output (PAD)
  Source Clock:      CLK20MHz rising

  Data Path: sCounter_2 to Output
                                Gate     Net
    Cell:in->out      fanout   Delay   Delay  Logical Name (Net Name)
    ----------------------------------------  ------------
     FDRE:C->Q             2   0.447   0.845  sCounter_2 (sCounter_2)
     LUT3:I0->O            2   0.205   0.617  Output<7>_SW0 (N3)
     LUT6:I5->O            1   0.205   0.579  Output<7> (Output_OBUF)
     OBUF:I->O                 2.571          Output_OBUF (Output)
    ----------------------------------------
    Total                      5.469ns (3.428ns logic, 2.041ns route)
                                       (62.7% logic, 37.3% route)

=========================================================================

Cross Clock Domains Report:
--------------------------

Clock to Setup on destination clock CLK20MHz
---------------+---------+---------+---------+---------+
               | Src:Rise| Src:Fall| Src:Rise| Src:Fall|
Source Clock   |Dest:Rise|Dest:Rise|Dest:Fall|Dest:Fall|
---------------+---------+---------+---------+---------+
CLK20MHz       |    3.443|         |         |         |
---------------+---------+---------+---------+---------+

=========================================================================


Total REAL time to Xst completion: 3.00 secs
Total CPU time to Xst completion: 3.62 secs
 
--> 

Total memory usage is 263968 kilobytes

Number of errors   :    0 (   0 filtered)
Number of warnings :    0 (   0 filtered)
Number of infos    :    0 (   0 filtered)

