#-----------------------------------------------------------
# PlanAhead v14.7
# Build 321239 by xbuild on Fri Sep 27 19:31:35 MDT 2013
# Start of session at: Sun May 20 19:37:43 2018
# Process ID: 8156
# Log file: D:/Lab Advanced Digital/TIC_TAC_TOE_XO_ASSIGNMENT/planAhead_run_4/planAhead.log
# Journal file: D:/Lab Advanced Digital/TIC_TAC_TOE_XO_ASSIGNMENT/planAhead_run_4/planAhead.jou
#-----------------------------------------------------------
INFO: [Common 17-78] Attempting to get a license: PlanAhead
INFO: [Common 17-290] Got license for PlanAhead
INFO: [Device 21-36] Loading parts and site information from C:/Xilinx/14.7/ISE_DS/PlanAhead/data/parts/arch.xml
Parsing RTL primitives file [C:/Xilinx/14.7/ISE_DS/PlanAhead/data/parts/xilinx/rtl/prims/rtl_prims.xml]
Finished parsing RTL primitives file [C:/Xilinx/14.7/ISE_DS/PlanAhead/data/parts/xilinx/rtl/prims/rtl_prims.xml]
start_gui
source {D:/Lab Advanced Digital/TIC_TAC_TOE_XO_ASSIGNMENT/pa.fromHdl.tcl}
# create_project -name TIC_TAC_TOE_XO_ASSIGNMENT -dir "D:/Lab Advanced Digital/TIC_TAC_TOE_XO_ASSIGNMENT/planAhead_run_4" -part xc6slx9tqg144-3
create_project: Time (s): elapsed = 00:00:13 . Memory (MB): peak = 402.586 ; gain = 35.438
# set_param project.pinAheadLayout yes
# set srcset [get_property srcset [current_run -impl]]
# set_property target_constrs_file "Tic_Tac_Toe_XO_Main.ucf" [current_fileset -constrset]
Adding file 'D:/Lab Advanced Digital/TIC_TAC_TOE_XO_ASSIGNMENT/Tic_Tac_Toe_XO_Main.ucf' to fileset 'constrs_1'
# set hdlfile [add_files [list {VHDL/SwitchDebounce.vhd}]]
# set_property file_type VHDL $hdlfile
# set_property library work $hdlfile
# set hdlfile [add_files [list {VHDL/ClockDividerTo500ms.vhd}]]
# set_property file_type VHDL $hdlfile
# set_property library work $hdlfile
# set hdlfile [add_files [list {VHDL/checkWin.vhd}]]
# set_property file_type VHDL $hdlfile
# set_property library work $hdlfile
# set hdlfile [add_files [list {VHDL/CheckKeypad.vhd}]]
# set_property file_type VHDL $hdlfile
# set_property library work $hdlfile
# set hdlfile [add_files [list {VHDL/Tic_Tac_Toe_XO_Main.vhd}]]
# set_property file_type VHDL $hdlfile
# set_property library work $hdlfile
# set_property top Tic_Tac_Toe_XO_Main $srcset
# add_files [list {Tic_Tac_Toe_XO_Main.ucf}] -fileset [get_property constrset [current_run]]
# open_rtl_design -part xc6slx9tqg144-3
Using Verific elaboration
Parsing VHDL file "C:/Xilinx/14.7/ISE_DS/PlanAhead/data/parts/xilinx/rtl/lib/synplify/synattr.vhd" into library synplify
Parsing VHDL file "C:/Xilinx/14.7/ISE_DS/PlanAhead/data/parts/xilinx/rtl/lib/synplify/synattr.vhd" into library synplify
Parsing VHDL file "D:/Lab Advanced Digital/TIC_TAC_TOE_XO_ASSIGNMENT/VHDL/SwitchDebounce.vhd" into library work
Parsing VHDL file "D:/Lab Advanced Digital/TIC_TAC_TOE_XO_ASSIGNMENT/VHDL/ClockDividerTo500ms.vhd" into library work
Parsing VHDL file "D:/Lab Advanced Digital/TIC_TAC_TOE_XO_ASSIGNMENT/VHDL/checkWin.vhd" into library work
Parsing VHDL file "D:/Lab Advanced Digital/TIC_TAC_TOE_XO_ASSIGNMENT/VHDL/CheckKeypad.vhd" into library work
Parsing VHDL file "D:/Lab Advanced Digital/TIC_TAC_TOE_XO_ASSIGNMENT/VHDL/Tic_Tac_Toe_XO_Main.vhd" into library work
Loading clock regions from C:/Xilinx/14.7/ISE_DS/PlanAhead/data\parts/xilinx/spartan6/spartan6lx/xc6slx9/ClockRegion.xml
Loading clock buffers from C:/Xilinx/14.7/ISE_DS/PlanAhead/data\parts/xilinx/spartan6/spartan6lx/xc6slx9/ClockBuffers.xml
Loading package pin functions from C:/Xilinx/14.7/ISE_DS/PlanAhead/data\parts/xilinx/spartan6/PinFunctions.xml...
Loading package from C:/Xilinx/14.7/ISE_DS/PlanAhead/data\parts/xilinx/spartan6/spartan6lx/xc6slx9/tqg144/Package.xml
Loading io standards from C:/Xilinx/14.7/ISE_DS/PlanAhead/data\./parts/xilinx/spartan6/IOStandards.xml
Loading device configuration modes from C:/Xilinx/14.7/ISE_DS/PlanAhead/data\parts/xilinx/spartan6/ConfigModes.xml
Loading list of drcs for the architecture : C:/Xilinx/14.7/ISE_DS/PlanAhead/data\./parts/xilinx/spartan6/drc.xml
Parsing UCF File [D:/Lab Advanced Digital/TIC_TAC_TOE_XO_ASSIGNMENT/Tic_Tac_Toe_XO_Main.ucf]
Finished Parsing UCF File [D:/Lab Advanced Digital/TIC_TAC_TOE_XO_ASSIGNMENT/Tic_Tac_Toe_XO_Main.ucf]
INFO: [Project 1-111] Unisim Transformation Summary:
No Unisim elements were transformed.

Phase 0 | Netlist Checksum: 2fe400c7
open_rtl_design: Time (s): elapsed = 00:00:30 . Memory (MB): peak = 506.137 ; gain = 92.078
update_compile_order -fileset sim_1
exit
ERROR: [PlanAhead 12-106] *** Exception: ui.h.b: Found deleted key in HTclEventBroker. Verify if the classes listed here call cleanup()
HTclEvent: DEBUG_CORE_CONFIG_CHANGE   Classes: ui.views.aR 
HTclEvent: SIGNAL_BUS_MODIFY   Classes: ui.views.aR 
HTclEvent: SIGNAL_MODIFY   Classes: ui.views.aR 
HTclEvent: DEBUG_PORT_CONFIG_CHANGE   Classes: ui.views.aR 
 (See D:/Lab Advanced Digital/TIC_TAC_TOE_XO_ASSIGNMENT\planAhead_pid8156.debug)
ERROR: [Common 17-39] 'stop_gui' failed due to earlier errors.
INFO: [Common 17-206] Exiting PlanAhead at Sun May 20 19:41:36 2018...
INFO: [Common 17-83] Releasing license: PlanAhead
