#-----------------------------------------------------------
# PlanAhead v14.7
# Build 321239 by xbuild on Fri Sep 27 19:31:35 MDT 2013
# Start of session at: Sat May 19 16:31:09 2018
# Process ID: 11220
# Log file: C:/Data/TIC_TAC_TOE_XO_ASSIGNMENT/planAhead_run_3/planAhead.log
# Journal file: C:/Data/TIC_TAC_TOE_XO_ASSIGNMENT/planAhead_run_3/planAhead.jou
#-----------------------------------------------------------
INFO: [Common 17-78] Attempting to get a license: PlanAhead
INFO: [Common 17-290] Got license for PlanAhead
INFO: [Device 21-36] Loading parts and site information from C:/Xilinx/14.7/ISE_DS/PlanAhead/data/parts/arch.xml
Parsing RTL primitives file [C:/Xilinx/14.7/ISE_DS/PlanAhead/data/parts/xilinx/rtl/prims/rtl_prims.xml]
Finished parsing RTL primitives file [C:/Xilinx/14.7/ISE_DS/PlanAhead/data/parts/xilinx/rtl/prims/rtl_prims.xml]
start_gui
source C:/Data/TIC_TAC_TOE_XO_ASSIGNMENT/pa.fromHdl.tcl
# create_project -name TIC_TAC_TOE_XO_ASSIGNMENT -dir "C:/Data/TIC_TAC_TOE_XO_ASSIGNMENT/planAhead_run_3" -part xc6slx9tqg144-3
# set_param project.pinAheadLayout yes
# set srcset [get_property srcset [current_run -impl]]
# set_property target_constrs_file "Tic_Tac_Toe_XO_Main.ucf" [current_fileset -constrset]
Adding file 'C:/Data/TIC_TAC_TOE_XO_ASSIGNMENT/Tic_Tac_Toe_XO_Main.ucf' to fileset 'constrs_1'
# set hdlfile [add_files [list {VHDL/SwitchDebounce.vhd}]]
# set_property file_type VHDL $hdlfile
# set_property library work $hdlfile
# set hdlfile [add_files [list {VHDL/checkWin.vhd}]]
# set_property file_type VHDL $hdlfile
# set_property library work $hdlfile
# set hdlfile [add_files [list {VHDL/CheckKeypad.vhd}]]
# set_property file_type VHDL $hdlfile
# set_property library work $hdlfile
# set hdlfile [add_files [list {VHDL/Tic_Tac_Toe_XO_Main.vhd}]]
# set_property file_type VHDL $hdlfile
# set_property library work $hdlfile
# set_property top Tic_Tac_Toe_XO_Main $srcset
# add_files [list {Tic_Tac_Toe_XO_Main.ucf}] -fileset [get_property constrset [current_run]]
# open_rtl_design -part xc6slx9tqg144-3
Using Verific elaboration
Parsing VHDL file "C:/Xilinx/14.7/ISE_DS/PlanAhead/data/parts/xilinx/rtl/lib/synplify/synattr.vhd" into library synplify
Parsing VHDL file "C:/Xilinx/14.7/ISE_DS/PlanAhead/data/parts/xilinx/rtl/lib/synplify/synattr.vhd" into library synplify
Parsing VHDL file "C:/Data/TIC_TAC_TOE_XO_ASSIGNMENT/VHDL/SwitchDebounce.vhd" into library work
Parsing VHDL file "C:/Data/TIC_TAC_TOE_XO_ASSIGNMENT/VHDL/checkWin.vhd" into library work
Parsing VHDL file "C:/Data/TIC_TAC_TOE_XO_ASSIGNMENT/VHDL/CheckKeypad.vhd" into library work
Parsing VHDL file "C:/Data/TIC_TAC_TOE_XO_ASSIGNMENT/VHDL/Tic_Tac_Toe_XO_Main.vhd" into library work
Loading clock regions from C:/Xilinx/14.7/ISE_DS/PlanAhead/data\parts/xilinx/spartan6/spartan6lx/xc6slx9/ClockRegion.xml
Loading clock buffers from C:/Xilinx/14.7/ISE_DS/PlanAhead/data\parts/xilinx/spartan6/spartan6lx/xc6slx9/ClockBuffers.xml
Loading package pin functions from C:/Xilinx/14.7/ISE_DS/PlanAhead/data\parts/xilinx/spartan6/PinFunctions.xml...
Loading package from C:/Xilinx/14.7/ISE_DS/PlanAhead/data\parts/xilinx/spartan6/spartan6lx/xc6slx9/tqg144/Package.xml
Loading io standards from C:/Xilinx/14.7/ISE_DS/PlanAhead/data\./parts/xilinx/spartan6/IOStandards.xml
Loading device configuration modes from C:/Xilinx/14.7/ISE_DS/PlanAhead/data\parts/xilinx/spartan6/ConfigModes.xml
Loading list of drcs for the architecture : C:/Xilinx/14.7/ISE_DS/PlanAhead/data\./parts/xilinx/spartan6/drc.xml
Parsing UCF File [C:/Data/TIC_TAC_TOE_XO_ASSIGNMENT/Tic_Tac_Toe_XO_Main.ucf]
Finished Parsing UCF File [C:/Data/TIC_TAC_TOE_XO_ASSIGNMENT/Tic_Tac_Toe_XO_Main.ucf]
INFO: [Project 1-111] Unisim Transformation Summary:
No Unisim elements were transformed.

Phase 0 | Netlist Checksum: ba56315f
open_rtl_design: Time (s): elapsed = 00:00:08 . Memory (MB): peak = 528.301 ; gain = 106.668
update_compile_order -fileset sim_1
exit
ERROR: [PlanAhead 12-106] *** Exception: ui.h.b: Found deleted key in HTclEventBroker. Verify if the classes listed here call cleanup()
HTclEvent: DEBUG_PORT_CONFIG_CHANGE   Classes: ui.views.aR 
HTclEvent: DEBUG_CORE_CONFIG_CHANGE   Classes: ui.views.aR 
HTclEvent: SIGNAL_BUS_MODIFY   Classes: ui.views.aR 
HTclEvent: SIGNAL_MODIFY   Classes: ui.views.aR 
 (See C:/Data/TIC_TAC_TOE_XO_ASSIGNMENT\planAhead_pid11220.debug)
ERROR: [Common 17-39] 'stop_gui' failed due to earlier errors.
INFO: [Common 17-206] Exiting PlanAhead at Sat May 19 16:31:39 2018...
INFO: [Common 17-83] Releasing license: PlanAhead
